{
  "stats": {
    "suites": 2,
    "tests": 1,
    "passes": 0,
    "pending": 0,
    "failures": 1,
    "start": "2020-03-14T21:12:16.739Z",
    "end": "2020-03-14T21:12:59.781Z",
    "duration": 43042,
    "testsRegistered": 1,
    "passPercent": 0,
    "pendingPercent": 0,
    "other": 0,
    "hasOther": false,
    "skipped": 0,
    "hasSkipped": false
  },
  "results": [
    {
      "uuid": "6b9fe0f3-a487-4fc4-93d2-9d0581fc7602",
      "title": "",
      "fullFile": "cypress/integration/ZappPlatform/zapp-platform.spec.js",
      "file": "cypress/integration/ZappPlatform/zapp-platform.spec.js",
      "beforeHooks": [],
      "afterHooks": [],
      "tests": [],
      "suites": [
        {
          "uuid": "9ea90711-a13c-494a-a6b5-3094f7252919",
          "title": "Zapp Login",
          "fullFile": "",
          "file": "",
          "beforeHooks": [],
          "afterHooks": [],
          "tests": [],
          "suites": [
            {
              "uuid": "8cafcf81-a214-456d-ad4b-32e89027a087",
              "title": "Zapp features",
              "fullFile": "",
              "file": "",
              "beforeHooks": [],
              "afterHooks": [],
              "tests": [
                {
                  "title": "Verify the QR and Download version",
                  "fullTitle": "Zapp Login Zapp features Verify the QR and Download version",
                  "timedOut": null,
                  "duration": 37271,
                  "state": "failed",
                  "speed": null,
                  "pass": false,
                  "fail": true,
                  "pending": false,
                  "context": null,
                  "code": "var homePage = new _HomePage[\"default\"]();\ncy.visit(Cypress.env('url') + 'app_families/1116'); // Click downoload button\nhomePage.getDownloadVersion().first().click(); //Dropdown visable of download button  \nhomePage.getDownloadDropDown().should('be.visible');\nhomePage.getDownloadDropDown().contains('Debug Version').click();\nhomePage.getDownloadQR().should('be.visible');\ncy.wait(2000); //Verify the download button\ncy.get('a').contains('Download Build').should('have.attr', 'href');\ncy.get('a').contains('Download Build').should('be.enabled');",
                  "err": {
                    "message": "CypressError: Timed out retrying: expected '<a.btn.btn-default>' to be 'enabled'",
                    "estack": "CypressError: Timed out retrying: expected '<a.btn.btn-default>' to be 'enabled'\n    at cypressErr (https://accounts.applicaster.com/__cypress/runner/cypress_runner.js:149934:9)\n    at throwErr (https://accounts.applicaster.com/__cypress/runner/cypress_runner.js:149867:11)\n    at Object.throwErrByPath (https://accounts.applicaster.com/__cypress/runner/cypress_runner.js:149915:3)\n    at retry (https://accounts.applicaster.com/__cypress/runner/cypress_runner.js:144197:19)\n    at onFailFn (https://accounts.applicaster.com/__cypress/runner/cypress_runner.js:132448:16)\n    at tryCatcher (https://accounts.applicaster.com/__cypress/runner/cypress_runner.js:167415:23)\n    at Promise._settlePromiseFromHandler (https://accounts.applicaster.com/__cypress/runner/cypress_runner.js:165351:31)\n    at Promise._settlePromise (https://accounts.applicaster.com/__cypress/runner/cypress_runner.js:165408:18)\n    at Promise._settlePromise0 (https://accounts.applicaster.com/__cypress/runner/cypress_runner.js:165453:10)\n    at Promise._settlePromises (https://accounts.applicaster.com/__cypress/runner/cypress_runner.js:165528:18)\n    at Async../node_modules/bluebird/js/release/async.js.Async._drainQueue (https://accounts.applicaster.com/__cypress/runner/cypress_runner.js:162140:16)\n    at Async../node_modules/bluebird/js/release/async.js.Async._drainQueues (https://accounts.applicaster.com/__cypress/runner/cypress_runner.js:162150:10)\n    at Async.drainQueues (https://accounts.applicaster.com/__cypress/runner/cypress_runner.js:162024:14)",
                    "diff": null
                  },
                  "uuid": "db91d751-894c-4b15-a83a-60aed625061a",
                  "parentUUID": "8cafcf81-a214-456d-ad4b-32e89027a087",
                  "isHook": false,
                  "skipped": false
                }
              ],
              "suites": [],
              "passes": [],
              "failures": [
                "db91d751-894c-4b15-a83a-60aed625061a"
              ],
              "pending": [],
              "skipped": [],
              "duration": 37271,
              "root": false,
              "rootEmpty": false,
              "_timeout": 2000
            }
          ],
          "passes": [],
          "failures": [],
          "pending": [],
          "skipped": [],
          "duration": 0,
          "root": false,
          "rootEmpty": false,
          "_timeout": 2000
        }
      ],
      "passes": [],
      "failures": [],
      "pending": [],
      "skipped": [],
      "duration": 0,
      "root": true,
      "rootEmpty": true,
      "_timeout": 2000
    }
  ],
  "meta": {
    "mocha": {
      "version": "7.1.0"
    },
    "mochawesome": {
      "options": {
        "quiet": false,
        "reportFilename": "mochawesome",
        "saveHtml": true,
        "saveJson": true,
        "consoleReporter": "spec",
        "useInlineDiffs": false,
        "code": true
      },
      "version": "5.0.0"
    },
    "marge": {
      "options": {},
      "version": "4.1.0"
    }
  }
}