{
  "stats": {
    "suites": 6,
    "tests": 5,
    "passes": 5,
    "pending": 0,
    "failures": 0,
    "start": "2020-03-13T22:45:53.217Z",
    "end": "2020-03-13T22:48:42.860Z",
    "duration": 169643,
    "testsRegistered": 5,
    "passPercent": 100,
    "pendingPercent": 0,
    "other": 0,
    "hasOther": false,
    "skipped": 0,
    "hasSkipped": false
  },
  "results": [
    {
      "uuid": "c35619b7-16a2-40eb-b148-4308755ce868",
      "title": "",
      "fullFile": "",
      "file": "",
      "beforeHooks": [],
      "afterHooks": [],
      "tests": [],
      "suites": [
        {
          "uuid": "284877f0-24db-432a-b88e-da2b081959a9",
          "title": "Zapp Login",
          "fullFile": "",
          "file": "",
          "beforeHooks": [],
          "afterHooks": [],
          "tests": [],
          "suites": [
            {
              "uuid": "977f663d-5309-457e-b7d9-9eadae11758c",
              "title": "Zapp Search",
              "fullFile": "",
              "file": "",
              "beforeHooks": [],
              "afterHooks": [],
              "tests": [
                {
                  "title": "Verify search account",
                  "fullTitle": "Zapp Login Zapp Search Verify search account",
                  "timedOut": null,
                  "duration": 36557,
                  "state": "passed",
                  "speed": "slow",
                  "pass": true,
                  "fail": false,
                  "pending": false,
                  "context": null,
                  "code": "//Verify the right URL\ncy.location('pathname').should('eq', '/');\nvar homePage = new _HomePage.default(); //Verify the 3 buttons on the top of the screen\nhomePage.getNameAccount().should('be.visible');\nhomePage.getDropDownApp().should('be.visible');\nhomePage.getFilterAccountButton().should('be.visible');\nhomePage.getAllAppsOnScreen().should('have.length', 30); //verify search for account\nhomePage.getNameAccount().type(\"analytics\");\nhomePage.getFilterAccountButton().click({\n  multiple: true\n});\nhomePage.getResultSearchApp().should('be.visible');",
                  "err": {},
                  "uuid": "8dc2fd13-b6df-44b1-b54b-e238cb5e931b",
                  "parentUUID": "977f663d-5309-457e-b7d9-9eadae11758c",
                  "isHook": false,
                  "skipped": false
                }
              ],
              "suites": [],
              "passes": [
                "8dc2fd13-b6df-44b1-b54b-e238cb5e931b"
              ],
              "failures": [],
              "pending": [],
              "skipped": [],
              "duration": 36557,
              "root": false,
              "rootEmpty": false,
              "_timeout": 2000
            },
            {
              "uuid": "c7446040-9e04-447d-9585-d2d3a3ebc888",
              "title": "Zapp Page",
              "fullFile": "",
              "file": "",
              "beforeHooks": [],
              "afterHooks": [],
              "tests": [
                {
                  "title": "Verify the header buttons",
                  "fullTitle": "Zapp Login Zapp Page Verify the header buttons",
                  "timedOut": null,
                  "duration": 30320,
                  "state": "passed",
                  "speed": "slow",
                  "pass": true,
                  "fail": false,
                  "pending": false,
                  "context": null,
                  "code": "var homePage = new _HomePage.default();\ncy.visit(Cypress.env('url') + 'app_families/1116'); //Verify the right URL\ncy.location('pathname').should('eq', '/app_families/1116'); //Verify the 4 buttons on the top of the screen\nhomePage.getAppBuilderButtons().then(function (elemnet) {\n  var actuelText = elemnet.text();\n  expect(actuelText.includes('App Builder')).to.be.true;\n});\nhomePage.getAppBuilderButtons().then(function (elemnet) {\n  var actuelText = elemnet.text();\n  expect(actuelText.includes('Edit App')).to.be.true;\n});\nhomePage.getAppBuilderShare().then(function (elemnet) {\n  var actuelText = elemnet.text();\n  expect(actuelText.includes('Share')).to.be.true;\n});\ncy.get(\"a\").contains('New Version');",
                  "err": {},
                  "uuid": "43a6ca57-e91a-46ee-94ff-7585fa7d2a5d",
                  "parentUUID": "c7446040-9e04-447d-9585-d2d3a3ebc888",
                  "isHook": false,
                  "skipped": false
                }
              ],
              "suites": [],
              "passes": [
                "43a6ca57-e91a-46ee-94ff-7585fa7d2a5d"
              ],
              "failures": [],
              "pending": [],
              "skipped": [],
              "duration": 30320,
              "root": false,
              "rootEmpty": false,
              "_timeout": 2000
            },
            {
              "uuid": "471b9786-a2a1-466c-880a-401ca9b0dca2",
              "title": "Zapp versions",
              "fullFile": "",
              "file": "",
              "beforeHooks": [],
              "afterHooks": [],
              "tests": [
                {
                  "title": "Verify the app versions",
                  "fullTitle": "Zapp Login Zapp versions Verify the app versions",
                  "timedOut": null,
                  "duration": 31292,
                  "state": "passed",
                  "speed": "slow",
                  "pass": true,
                  "fail": false,
                  "pending": false,
                  "context": null,
                  "code": "var homePage = new _HomePage.default();\nvar versionPage = new _VersionPage.default();\ncy.visit(Cypress.env('url') + 'app_families/1116');\ncy.location('pathname').should('eq', '/app_families/1116');\nversionPage.getTestVersionHeader().should('be.visible');\nversionPage.getTestVersionTable().find('tr').should('have.length', 9); // cy.get('table[class=\"table table-hover table-striped middle-vertical-aligned\"]').find('tr').each(($e1, index, $list) => {\n//   const text=$e1.text()\n//   if(text.includes('Cms Test'))\n//   {\n//     console.log(text)\n//   }\n// })\nversionPage.getPlatfromIcon().first().should('have.attr', 'src', '/assets/platform_icons/android-fea1877955a479d77dca364b220abf1d4ec050845af393dc935102f04e8a33cd.svg');\nversionPage.getVersionID().first().should('have.text', '1.5');\nversionPage.getBuildFail().should(\"be.enabled\");\nversionPage.getBuildSucssed().first().should(\"be.visible\");",
                  "err": {},
                  "uuid": "4bf7d623-92ff-4535-9867-b916d47f3938",
                  "parentUUID": "471b9786-a2a1-466c-880a-401ca9b0dca2",
                  "isHook": false,
                  "skipped": false
                }
              ],
              "suites": [],
              "passes": [
                "4bf7d623-92ff-4535-9867-b916d47f3938"
              ],
              "failures": [],
              "pending": [],
              "skipped": [],
              "duration": 31292,
              "root": false,
              "rootEmpty": false,
              "_timeout": 2000
            },
            {
              "uuid": "db149277-f893-4683-86d6-8d15c5848105",
              "title": "Zapp features",
              "fullFile": "",
              "file": "",
              "beforeHooks": [],
              "afterHooks": [],
              "tests": [
                {
                  "title": "Verify the version features",
                  "fullTitle": "Zapp Login Zapp features Verify the version features",
                  "timedOut": null,
                  "duration": 30327,
                  "state": "passed",
                  "speed": "slow",
                  "pass": true,
                  "fail": false,
                  "pending": false,
                  "context": null,
                  "code": "var homePage = new _HomePage.default();\ncy.visit(Cypress.env('url') + 'app_families/1116'); // Click downoload button\nhomePage.getDownloadVersion().first().click(); //Dropdown visable of download button  \nhomePage.getDownloadDropDown().should('be.visible'); // Click info version button \nhomePage.getInfoButton().first().click(); // Verfiy the dropdown visable \nhomePage.getInfoButton().first().should('be.visible'); //Press on green button \nhomePage.getBuildVersionButton().should('be.visible').first().click({\n  force: true\n}); // Press on the cencel button\nhomePage.getBuildVersionCancelButton().contains(' Close').click();",
                  "err": {},
                  "uuid": "e03dd9ec-c84a-4cf2-ae34-df8e1c55ffae",
                  "parentUUID": "db149277-f893-4683-86d6-8d15c5848105",
                  "isHook": false,
                  "skipped": false
                }
              ],
              "suites": [],
              "passes": [
                "e03dd9ec-c84a-4cf2-ae34-df8e1c55ffae"
              ],
              "failures": [],
              "pending": [],
              "skipped": [],
              "duration": 30327,
              "root": false,
              "rootEmpty": false,
              "_timeout": 2000
            },
            {
              "uuid": "06a1b054-12f3-417f-ba54-e02d21d2b786",
              "title": "Zapp features",
              "fullFile": "",
              "file": "",
              "beforeHooks": [],
              "afterHooks": [],
              "tests": [
                {
                  "title": "Verify the QR and Download version",
                  "fullTitle": "Zapp Login Zapp features Verify the QR and Download version",
                  "timedOut": null,
                  "duration": 29657,
                  "state": "passed",
                  "speed": "slow",
                  "pass": true,
                  "fail": false,
                  "pending": false,
                  "context": null,
                  "code": "var homePage = new _HomePage.default();\ncy.visit(Cypress.env('url') + 'app_families/1116'); // Click downoload button\nhomePage.getDownloadVersion().first().click(); //Dropdown visable of download button  \nhomePage.getDownloadDropDown().should('be.visible');\nhomePage.getDownloadDropDown().contains('Debug Version').click();\nhomePage.getDownloadQR().should('be.visible');\ncy.wait(2000); //Verify the download button\ncy.get('a').contains('Download Build').should('have.attr', 'href');\ncy.get('a').contains('Download Build').should('be.enabled');",
                  "err": {},
                  "uuid": "76c3271f-de65-4abe-8b7b-efe391717549",
                  "parentUUID": "06a1b054-12f3-417f-ba54-e02d21d2b786",
                  "isHook": false,
                  "skipped": false
                }
              ],
              "suites": [],
              "passes": [
                "76c3271f-de65-4abe-8b7b-efe391717549"
              ],
              "failures": [],
              "pending": [],
              "skipped": [],
              "duration": 29657,
              "root": false,
              "rootEmpty": false,
              "_timeout": 2000
            }
          ],
          "passes": [],
          "failures": [],
          "pending": [],
          "skipped": [],
          "duration": 0,
          "root": false,
          "rootEmpty": false,
          "_timeout": 2000
        }
      ],
      "passes": [],
      "failures": [],
      "pending": [],
      "skipped": [],
      "duration": 0,
      "root": true,
      "rootEmpty": true,
      "_timeout": 2000
    }
  ],
  "meta": {
    "mocha": {
      "version": "7.1.0"
    },
    "mochawesome": {
      "options": {
        "quiet": false,
        "reportFilename": "mochawesome",
        "saveHtml": true,
        "saveJson": true,
        "consoleReporter": "spec",
        "useInlineDiffs": false,
        "code": true
      },
      "version": "5.0.0"
    },
    "marge": {
      "options": {},
      "version": "4.1.0"
    }
  }
}