{
  "stats": {
    "suites": 6,
    "tests": 5,
    "passes": 5,
    "pending": 0,
    "failures": 0,
    "start": "2020-03-16T20:54:33.046Z",
    "end": "2020-03-16T20:56:02.391Z",
    "duration": 89345,
    "testsRegistered": 5,
    "passPercent": 100,
    "pendingPercent": 0,
    "other": 0,
    "hasOther": false,
    "skipped": 0,
    "hasSkipped": false
  },
  "results": [
    {
      "uuid": "94b95097-b35a-4072-8426-76aeed26ea72",
      "title": "",
      "fullFile": "",
      "file": "",
      "beforeHooks": [],
      "afterHooks": [],
      "tests": [],
      "suites": [
        {
          "uuid": "c0a65101-1b17-4864-9dd3-ef2031c9974b",
          "title": "Zapp Login",
          "fullFile": "",
          "file": "",
          "beforeHooks": [],
          "afterHooks": [],
          "tests": [],
          "suites": [
            {
              "uuid": "3ffb2e6b-a883-4ab8-8558-5cab83db40da",
              "title": "Zapp Search",
              "fullFile": "",
              "file": "",
              "beforeHooks": [],
              "afterHooks": [],
              "tests": [
                {
                  "title": "Verify search account",
                  "fullTitle": "Zapp Login Zapp Search Verify search account",
                  "timedOut": null,
                  "duration": 20495,
                  "state": "passed",
                  "speed": "slow",
                  "pass": true,
                  "fail": false,
                  "pending": false,
                  "context": null,
                  "code": "//Verify the right URL\ncy.location('pathname').should('eq', '/');\nvar homePage = new _HomePage.default(); //Verify the 3 buttons on the top of the screen\nhomePage.getNameAccount().should('be.visible');\nhomePage.getDropDownApp().should('be.visible');\nhomePage.getFilterAccountButton().should('be.visible');\nhomePage.getAllAppsOnScreen().should('have.length', 30); //verify search for account\nhomePage.getNameAccount().type(\"analytics\");\nhomePage.getFilterAccountButton().click({\n  multiple: true\n});\nhomePage.getResultSearchApp().should('be.visible');",
                  "err": {},
                  "uuid": "74e24235-59d5-4032-b040-ceda2e91b9af",
                  "parentUUID": "3ffb2e6b-a883-4ab8-8558-5cab83db40da",
                  "isHook": false,
                  "skipped": false
                }
              ],
              "suites": [],
              "passes": [
                "74e24235-59d5-4032-b040-ceda2e91b9af"
              ],
              "failures": [],
              "pending": [],
              "skipped": [],
              "duration": 20495,
              "root": false,
              "rootEmpty": false,
              "_timeout": 2000
            },
            {
              "uuid": "00ffd4b6-e6fc-4321-85e1-0cc33483bd7c",
              "title": "Zapp Page",
              "fullFile": "",
              "file": "",
              "beforeHooks": [],
              "afterHooks": [],
              "tests": [
                {
                  "title": "Verify the header buttons",
                  "fullTitle": "Zapp Login Zapp Page Verify the header buttons",
                  "timedOut": null,
                  "duration": 13918,
                  "state": "passed",
                  "speed": "slow",
                  "pass": true,
                  "fail": false,
                  "pending": false,
                  "context": null,
                  "code": "var homePage = new _HomePage.default();\ncy.visit(Cypress.env('url') + 'app_families/1116'); //Verify the right URL\ncy.location('pathname').should('eq', '/app_families/1116'); //Verify the 4 buttons on the top of the screen\nhomePage.getAppBuilderButtons().then(function (elemnet) {\n  var actuelText = elemnet.text();\n  expect(actuelText.includes('App Builder')).to.be.true;\n});\nhomePage.getAppBuilderButtons().then(function (elemnet) {\n  var actuelText = elemnet.text();\n  expect(actuelText.includes('Edit App')).to.be.true;\n});\nhomePage.getAppBuilderShare().then(function (elemnet) {\n  var actuelText = elemnet.text();\n  expect(actuelText.includes('Share')).to.be.true;\n});\ncy.get(\"a\").contains('New Version');",
                  "err": {},
                  "uuid": "5dae60f7-3643-4af8-82d8-b86ea36ea77a",
                  "parentUUID": "00ffd4b6-e6fc-4321-85e1-0cc33483bd7c",
                  "isHook": false,
                  "skipped": false
                }
              ],
              "suites": [],
              "passes": [
                "5dae60f7-3643-4af8-82d8-b86ea36ea77a"
              ],
              "failures": [],
              "pending": [],
              "skipped": [],
              "duration": 13918,
              "root": false,
              "rootEmpty": false,
              "_timeout": 2000
            },
            {
              "uuid": "90bf85f3-099b-4f7e-b523-94bd06bf03d5",
              "title": "Zapp versions",
              "fullFile": "",
              "file": "",
              "beforeHooks": [],
              "afterHooks": [],
              "tests": [
                {
                  "title": "Verify the app versions",
                  "fullTitle": "Zapp Login Zapp versions Verify the app versions",
                  "timedOut": null,
                  "duration": 13480,
                  "state": "passed",
                  "speed": "slow",
                  "pass": true,
                  "fail": false,
                  "pending": false,
                  "context": null,
                  "code": "var homePage = new _HomePage.default();\nvar versionPage = new _VersionPage.default();\ncy.visit(Cypress.env('url') + 'app_families/1116');\ncy.location('pathname').should('eq', '/app_families/1116');\nversionPage.getTestVersionHeader().should('be.visible');\nversionPage.getTestVersionTable().find('tr').should('have.length', 9); // cy.get('table[class=\"table table-hover table-striped middle-vertical-aligned\"]').find('tr').each(($e1, index, $list) => {\n//   const text=$e1.text()\n//   if(text.includes('Cms Test'))\n//   {\n//     console.log(text)\n//   }\n// })\nversionPage.getPlatfromIcon().first().should('have.attr', 'src', '/assets/platform_icons/android-fea1877955a479d77dca364b220abf1d4ec050845af393dc935102f04e8a33cd.svg');\nversionPage.getVersionID().first().should('have.text', '1.5');\nversionPage.getBuildFail().should(\"be.enabled\");\nversionPage.getBuildSucssed().first().should(\"be.visible\");",
                  "err": {},
                  "uuid": "5cc97de3-2f66-4d72-87ec-bd5ee51ecaa6",
                  "parentUUID": "90bf85f3-099b-4f7e-b523-94bd06bf03d5",
                  "isHook": false,
                  "skipped": false
                }
              ],
              "suites": [],
              "passes": [
                "5cc97de3-2f66-4d72-87ec-bd5ee51ecaa6"
              ],
              "failures": [],
              "pending": [],
              "skipped": [],
              "duration": 13480,
              "root": false,
              "rootEmpty": false,
              "_timeout": 2000
            },
            {
              "uuid": "20d86c1c-0efe-4ea1-a3ee-ef8c3d61d247",
              "title": "Zapp features",
              "fullFile": "",
              "file": "",
              "beforeHooks": [],
              "afterHooks": [],
              "tests": [
                {
                  "title": "Verify the version features",
                  "fullTitle": "Zapp Login Zapp features Verify the version features",
                  "timedOut": null,
                  "duration": 14912,
                  "state": "passed",
                  "speed": "slow",
                  "pass": true,
                  "fail": false,
                  "pending": false,
                  "context": null,
                  "code": "var homePage = new _HomePage.default();\ncy.visit(Cypress.env('url') + 'app_families/1116'); // Click downoload button\nhomePage.getDownloadVersion().first().click(); //Dropdown visable of download button  \nhomePage.getDownloadDropDown().should('be.visible'); // Click info version button \nhomePage.getInfoButton().first().click(); // Verfiy the dropdown visable \nhomePage.getInfoButton().first().should('be.visible'); //Press on green button \nhomePage.getBuildVersionButton().should('be.visible').first().click({\n  force: true\n}); // Press on the cencel button\nhomePage.getBuildVersionCancelButton().contains(' Close').click();",
                  "err": {},
                  "uuid": "ccd96c32-6b5e-4dea-a483-1b3e369717fa",
                  "parentUUID": "20d86c1c-0efe-4ea1-a3ee-ef8c3d61d247",
                  "isHook": false,
                  "skipped": false
                }
              ],
              "suites": [],
              "passes": [
                "ccd96c32-6b5e-4dea-a483-1b3e369717fa"
              ],
              "failures": [],
              "pending": [],
              "skipped": [],
              "duration": 14912,
              "root": false,
              "rootEmpty": false,
              "_timeout": 2000
            },
            {
              "uuid": "46e431a1-cf9a-41a5-8e17-8ee3974b4a3d",
              "title": "Zapp features",
              "fullFile": "",
              "file": "",
              "beforeHooks": [],
              "afterHooks": [],
              "tests": [
                {
                  "title": "Verify the QR and Download version",
                  "fullTitle": "Zapp Login Zapp features Verify the QR and Download version",
                  "timedOut": null,
                  "duration": 19595,
                  "state": "passed",
                  "speed": "slow",
                  "pass": true,
                  "fail": false,
                  "pending": false,
                  "context": null,
                  "code": "var homePage = new _HomePage.default();\ncy.visit(Cypress.env('url') + 'app_families/1116'); // Click downoload button\nhomePage.getDownloadVersion().first().click(); //Dropdown visable of download button  \nhomePage.getDownloadDropDown().should('be.visible');\nhomePage.getDownloadDropDown().contains('Debug Version').click();\nhomePage.getDownloadQR().should('be.visible');\ncy.wait(2000); //Verify the download button\ncy.get('a').contains('Download Build').should('have.attr', 'href');\ncy.get('a').contains('Download Build').should('not.be.disabled');",
                  "err": {},
                  "uuid": "0af28c90-eb8e-4fa9-8042-0c7f0027f261",
                  "parentUUID": "46e431a1-cf9a-41a5-8e17-8ee3974b4a3d",
                  "isHook": false,
                  "skipped": false
                }
              ],
              "suites": [],
              "passes": [
                "0af28c90-eb8e-4fa9-8042-0c7f0027f261"
              ],
              "failures": [],
              "pending": [],
              "skipped": [],
              "duration": 19595,
              "root": false,
              "rootEmpty": false,
              "_timeout": 2000
            }
          ],
          "passes": [],
          "failures": [],
          "pending": [],
          "skipped": [],
          "duration": 0,
          "root": false,
          "rootEmpty": false,
          "_timeout": 2000
        }
      ],
      "passes": [],
      "failures": [],
      "pending": [],
      "skipped": [],
      "duration": 0,
      "root": true,
      "rootEmpty": true,
      "_timeout": 2000
    }
  ],
  "meta": {
    "mocha": {
      "version": "7.1.0"
    },
    "mochawesome": {
      "options": {
        "quiet": false,
        "reportFilename": "mochawesome",
        "saveHtml": true,
        "saveJson": true,
        "consoleReporter": "spec",
        "useInlineDiffs": false,
        "code": true
      },
      "version": "5.0.0"
    },
    "marge": {
      "options": {},
      "version": "4.1.0"
    }
  }
}